<?xml version="1.0" encoding="UTF-8"?>
<!-- Generated by org.testng.reporters.JUnitReportReporter -->
<testsuite hostname="Deepakselvam" failures="0" tests="1" name="testScripts.JewelryTest" time="10.895" errors="0" timestamp="2023-12-29T16:55:06 IST" skipped="0">
  <testcase classname="testScripts.JewelryTest" name="diamonHeartTest_001" time="10.895"/>
  <system-out>
    <![CDATA[BeforeTest
Before class
Login
Log out
After class
After test
Close Connection to database]]>
  </system-out>
</testsuite> <!-- testScripts.JewelryTest -->
