<?xml version="1.0" encoding="UTF-8"?>
<!-- Generated by org.testng.reporters.JUnitReportReporter -->
<testsuite hostname="Deepakselvam" failures="0" tests="3" name="testScripts.BookTest" time="34.379" errors="0" timestamp="2023-12-29T11:36:28 IST" skipped="0">
  <testcase classname="testScripts.BookTest" name="sortBookByNameAndPrice_002" time="15.519"/>
  <testcase classname="testScripts.BookTest" name="sortBookByPageSize_003" time="10.852"/>
  <testcase classname="testScripts.BookTest" name="verifyBookPage_001" time="8.008">
    <system-out>
      <![CDATA[verify books page displayed
Test case Completed and It passed]]>
    </system-out>
  </testcase> <!-- verifyBookPage_001 -->
  <system-out>
    <![CDATA[BeforeTest
Before class
Login
Log out
Login
Log out
Login
verify books page displayed
Test case Completed and It passed
Log out
After class
After test
Close Connection to database]]>
  </system-out>
</testsuite> <!-- testScripts.BookTest -->
